Analysis initiated from SIMULIA established products
Abaqus JOB Job_fin
Abaqus 2022
Abaqus License Manager checked out the following licenses:
Abaqus/Standard checked out 5 tokens from Flexnet server akash3.cc.iitk.ac.in.
<67 out of 80 licenses remain available>.
Begin Analysis Input File Processor
2024-03-15 12:59:01 PM
Run pre.exe
2024-03-15 12:59:14 PM
End Analysis Input File Processor
Begin Abaqus/Standard Analysis
2024-03-15 12:59:14 PM
Run standard.exe
2024-03-15 12:59:28 PM
End Abaqus/Standard Analysis
Begin SIM Wrap-up
2024-03-15 12:59:29 PM
Run SMASimUtility.exe
2024-03-15 12:59:29 PM
End SIM Wrap-up
Abaqus JOB Job_fin COMPLETED
